DEBUG - 2025-10-13 16:10:56 --> Session: Class initialized using 'CodeIgniter\Session\Handlers\FileHandler' driver.
DEBUG - 2025-10-13 16:11:03 --> Session: Class initialized using 'CodeIgniter\Session\Handlers\FileHandler' driver.
DEBUG - 2025-10-13 16:11:04 --> Session: Class initialized using 'CodeIgniter\Session\Handlers\FileHandler' driver.
DEBUG - 2025-10-13 16:12:41 --> Session: Class initialized using 'CodeIgniter\Session\Handlers\FileHandler' driver.
DEBUG - 2025-10-13 16:12:50 --> Session: Class initialized using 'CodeIgniter\Session\Handlers\FileHandler' driver.
DEBUG - 2025-10-13 16:12:50 --> Session: Class initialized using 'CodeIgniter\Session\Handlers\FileHandler' driver.
DEBUG - 2025-10-13 16:32:37 --> Session: Class initialized using 'CodeIgniter\Session\Handlers\FileHandler' driver.
DEBUG - 2025-10-13 16:32:43 --> Session: Class initialized using 'CodeIgniter\Session\Handlers\FileHandler' driver.
DEBUG - 2025-10-13 16:32:43 --> Session: Class initialized using 'CodeIgniter\Session\Handlers\FileHandler' driver.
DEBUG - 2025-10-13 16:33:38 --> Session: Class initialized using 'CodeIgniter\Session\Handlers\FileHandler' driver.
WARNING - 2025-10-13 16:33:38 --> [DEPRECATED] substr(): Passing null to parameter #1 ($string) of type string is deprecated in APPPATH\Libraries\Gsb_lib.php on line 31.
 1 APPPATH\Libraries\Gsb_lib.php(31): substr(null, 0, 4)
 2 APPPATH\Models\GsbModel.php(124): App\Libraries\Gsb_lib->get_annee_from_anneemois(null)
 3 APPPATH\Controllers\Gererfrais.php(45): App\Models\GsbModel->cree_nouvelles_lignes_frais('0', '2025', '10')
 4 SYSTEMPATH\CodeIgniter.php(933): App\Controllers\Gererfrais->index()
 5 SYSTEMPATH\CodeIgniter.php(507): CodeIgniter\CodeIgniter->runController(Object(App\Controllers\Gererfrais))
 6 SYSTEMPATH\CodeIgniter.php(354): CodeIgniter\CodeIgniter->handleRequest(null, Object(Config\Cache), false)
 7 SYSTEMPATH\Boot.php(363): CodeIgniter\CodeIgniter->run()
 8 SYSTEMPATH\Boot.php(68): CodeIgniter\Boot::runCodeIgniter(Object(CodeIgniter\CodeIgniter))
 9 FCPATH\index.php(59): CodeIgniter\Boot::bootWeb(Object(Config\Paths))
10 SYSTEMPATH\rewrite.php(44): require_once('Z:\\BTS2\\Informatique\\AP\\PITON\\gsbfrais2025\\GSBFrais-V2\\public\\index.php')
WARNING - 2025-10-13 16:33:38 --> [DEPRECATED] strlen(): Passing null to parameter #1 ($string) of type string is deprecated in APPPATH\Libraries\Gsb_lib.php on line 36.
 1 APPPATH\Libraries\Gsb_lib.php(36): strlen(null)
 2 APPPATH\Models\GsbModel.php(125): App\Libraries\Gsb_lib->get_mois_from_anneemois(null)
 3 APPPATH\Controllers\Gererfrais.php(45): App\Models\GsbModel->cree_nouvelles_lignes_frais('0', '2025', '10')
 4 SYSTEMPATH\CodeIgniter.php(933): App\Controllers\Gererfrais->index()
 5 SYSTEMPATH\CodeIgniter.php(507): CodeIgniter\CodeIgniter->runController(Object(App\Controllers\Gererfrais))
 6 SYSTEMPATH\CodeIgniter.php(354): CodeIgniter\CodeIgniter->handleRequest(null, Object(Config\Cache), false)
 7 SYSTEMPATH\Boot.php(363): CodeIgniter\CodeIgniter->run()
 8 SYSTEMPATH\Boot.php(68): CodeIgniter\Boot::runCodeIgniter(Object(CodeIgniter\CodeIgniter))
 9 FCPATH\index.php(59): CodeIgniter\Boot::bootWeb(Object(Config\Paths))
10 SYSTEMPATH\rewrite.php(44): require_once('Z:\\BTS2\\Informatique\\AP\\PITON\\gsbfrais2025\\GSBFrais-V2\\public\\index.php')
WARNING - 2025-10-13 16:33:39 --> [DEPRECATED] substr(): Passing null to parameter #1 ($string) of type string is deprecated in APPPATH\Libraries\Gsb_lib.php on line 36.
 1 APPPATH\Libraries\Gsb_lib.php(36): substr(null, 4, -4)
 2 APPPATH\Models\GsbModel.php(125): App\Libraries\Gsb_lib->get_mois_from_anneemois(null)
 3 APPPATH\Controllers\Gererfrais.php(45): App\Models\GsbModel->cree_nouvelles_lignes_frais('0', '2025', '10')
 4 SYSTEMPATH\CodeIgniter.php(933): App\Controllers\Gererfrais->index()
 5 SYSTEMPATH\CodeIgniter.php(507): CodeIgniter\CodeIgniter->runController(Object(App\Controllers\Gererfrais))
 6 SYSTEMPATH\CodeIgniter.php(354): CodeIgniter\CodeIgniter->handleRequest(null, Object(Config\Cache), false)
 7 SYSTEMPATH\Boot.php(363): CodeIgniter\CodeIgniter->run()
 8 SYSTEMPATH\Boot.php(68): CodeIgniter\Boot::runCodeIgniter(Object(CodeIgniter\CodeIgniter))
 9 FCPATH\index.php(59): CodeIgniter\Boot::bootWeb(Object(Config\Paths))
10 SYSTEMPATH\rewrite.php(44): require_once('Z:\\BTS2\\Informatique\\AP\\PITON\\gsbfrais2025\\GSBFrais-V2\\public\\index.php')
DEBUG - 2025-10-13 16:33:40 --> Session: Class initialized using 'CodeIgniter\Session\Handlers\FileHandler' driver.
DEBUG - 2025-10-13 16:33:45 --> Session: Class initialized using 'CodeIgniter\Session\Handlers\FileHandler' driver.
DEBUG - 2025-10-13 16:34:02 --> Session: Class initialized using 'CodeIgniter\Session\Handlers\FileHandler' driver.
DEBUG - 2025-10-13 16:34:05 --> Session: Class initialized using 'CodeIgniter\Session\Handlers\FileHandler' driver.
DEBUG - 2025-10-13 16:34:43 --> Session: Class initialized using 'CodeIgniter\Session\Handlers\FileHandler' driver.
